<?xml version="1.0" encoding="UTF-8"?>
<!-- Generated by org.testng.reporters.JUnitReportReporter -->
<testsuite name="testcases.testcase1" tests="1" time="6.262" ignored="0" failures="0" timestamp="22 Sep 2017 09:51:36 GMT" skipped="0" hostname="DSSI-157" errors="0">
  <testcase name="main" time="6.262" classname="testcases.testcase1"/>
</testsuite> <!-- testcases.testcase1 -->
